#
# There is insufficient memory for the Java Runtime Environment to continue.
# Native memory allocation (malloc) failed to allocate 1048576 bytes for AllocateHeap
# Possible reasons:
#   The system is out of physical RAM or swap space
#   In 32 bit mode, the process size limit was hit
# Possible solutions:
#   Reduce memory load on the system
#   Increase physical memory or swap space
#   Check if swap backing store is full
#   Use 64 bit Java on a 64 bit OS
#   Decrease Java heap size (-Xmx/-Xms)
#   Decrease number of Java threads
#   Decrease Java thread stack sizes (-Xss)
#   Set larger code cache with -XX:ReservedCodeCacheSize=
# This output file may be truncated or incomplete.
#
#  Out of Memory Error (memory/allocation.inline.hpp:61), pid=29376, tid=0x0000000000007d6c
#
# JRE version:  (8.0_161-b12) (build )
# Java VM: Java HotSpot(TM) 64-Bit Server VM (25.161-b12 mixed mode windows-amd64 compressed oops)
# Failed to write core dump. Minidumps are not enabled by default on client versions of Windows
#

---------------  T H R E A D  ---------------

Current thread (0x0000000003643800):  JavaThread "Unknown thread" [_thread_in_vm, id=32108, stack(0x00000000032d0000,0x00000000033d0000)]

Stack: [0x00000000032d0000,0x00000000033d0000]
[error occurred during error reporting (printing stack bounds), id 0xc0000005]

Native frames: (J=compiled Java code, j=interpreted, Vv=VM code, C=native code)


---------------  P R O C E S S  ---------------

Java Threads: ( => current thread )

Other Threads:

=>0x0000000003643800 (exited) JavaThread "Unknown thread" [_thread_in_vm, id=32108, stack(0x00000000032d0000,0x00000000033d0000)]

VM state:not at safepoint (normal execution)

VM Mutex/Monitor currently owned by a thread: None

Heap:
 PSYoungGen      total 75776K, used 1300K [0x000000076bc00000, 0x0000000771080000, 0x00000007c0000000)
  eden space 65024K, 2% used [0x000000076bc00000,0x000000076bd451f8,0x000000076fb80000)
  from space 10752K, 0% used [0x0000000770600000,0x0000000770600000,0x0000000771080000)
  to   space 10752K, 0% used [0x000000076fb80000,0x000000076fb80000,0x0000000770600000)
 ParOldGen       total 173568K, used 0K [0x00000006c3400000, 0x00000006cdd80000, 0x000000076bc00000)
  object space 173568K, 0% used [0x00000006c3400000,0x00000006c3400000,0x00000006cdd80000)
 Metaspace       used 770K, capacity 4480K, committed 4480K, reserved 1056768K
  class space    used 75K, capacity 384K, committed 384K, reserved 1048576K

Card table byte_map: [0x0000000012b00000,0x00000000132f0000] byte_map_base: 0x000000000f4e6000

Marking Bits: (ParMarkBitMap*) 0x0000000056cff860
 Begin Bits: [0x0000000014040000, 0x0000000017f70000)
 End Bits:   [0x0000000017f70000, 0x000000001bea0000)

Polling page: 0x0000000001260000

CodeCache: size=245760Kb used=328Kb max_used=328Kb free=245431Kb
 bounds [0x0000000003740000, 0x00000000039b0000, 0x0000000012740000]
 total_blobs=58 nmethods=0 adapters=38
 compilation: enabled

Compilation events (0 events):
No events

GC Heap History (0 events):
No events

Deoptimization events (0 events):
No events

Classes redefined (0 events):
No events

Internal exceptions (0 events):
No events

Events (10 events):
Event: 0.028 loading class java/lang/Short
Event: 0.028 loading class java/lang/Short done
Event: 0.028 loading class java/lang/Integer
Event: 0.028 loading class java/lang/Integer done
Event: 0.028 loading class java/lang/Long
Event: 0.028 loading class java/lang/Long done
Event: 0.029 loading class java/lang/NullPointerException
Event: 0.029 loading class java/lang/NullPointerException done
Event: 0.029 loading class java/lang/ArithmeticException
Event: 0.029 loading class java/lang/ArithmeticException done


Dynamic libraries:
0x00007ff66f180000 - 0x00007ff66f1b7000 	C:\Program Files\Java\jdk1.8.0_161\bin\java.exe
0x00007ffc42310000 - 0x00007ffc42504000 	C:\windows\SYSTEM32\ntdll.dll
0x00007ffc40f40000 - 0x00007ffc40ffd000 	C:\windows\System32\KERNEL32.DLL
0x00007ffc3faf0000 - 0x00007ffc3fdb7000 	C:\windows\System32\KERNELBASE.dll
0x00007ffc419e0000 - 0x00007ffc41a8a000 	C:\windows\System32\ADVAPI32.dll
0x00007ffc41b80000 - 0x00007ffc41c1e000 	C:\windows\System32\msvcrt.dll
0x00007ffc40a50000 - 0x00007ffc40aeb000 	C:\windows\System32\sechost.dll
0x00007ffc42100000 - 0x00007ffc42223000 	C:\windows\System32\RPCRT4.dll
0x00007ffc41f60000 - 0x00007ffc42100000 	C:\windows\System32\USER32.dll
0x00007ffc3fa60000 - 0x00007ffc3fa82000 	C:\windows\System32\win32u.dll
0x00007ffc41d00000 - 0x00007ffc41d2a000 	C:\windows\System32\GDI32.dll
0x00007ffc3f8a0000 - 0x00007ffc3f9a9000 	C:\windows\System32\gdi32full.dll
0x00007ffc400f0000 - 0x00007ffc4018d000 	C:\windows\System32\msvcp_win.dll
0x00007ffc3f7a0000 - 0x00007ffc3f8a0000 	C:\windows\System32\ucrtbase.dll
0x00007ffc3eaf0000 - 0x00007ffc3ed8a000 	C:\windows\WinSxS\amd64_microsoft.windows.common-controls_6595b64144ccf1df_6.0.19041.1_none_b555e41d4684ddec\COMCTL32.dll
0x00007ffc40af0000 - 0x00007ffc40b20000 	C:\windows\System32\IMM32.DLL
0x0000000056d80000 - 0x0000000056e52000 	C:\Program Files\Java\jdk1.8.0_161\jre\bin\msvcr100.dll
0x00000000564e0000 - 0x0000000056d7f000 	C:\Program Files\Java\jdk1.8.0_161\jre\bin\server\jvm.dll
0x00007ffc41f50000 - 0x00007ffc41f58000 	C:\windows\System32\PSAPI.DLL
0x00007ffc3f440000 - 0x00007ffc3f44a000 	C:\windows\SYSTEM32\VERSION.dll
0x00007ffc3dc30000 - 0x00007ffc3dc39000 	C:\windows\SYSTEM32\WSOCK32.dll
0x00007ffc29a80000 - 0x00007ffc29aa7000 	C:\windows\SYSTEM32\WINMM.dll
0x00007ffc41a90000 - 0x00007ffc41afb000 	C:\windows\System32\WS2_32.dll
0x00000000564d0000 - 0x00000000564df000 	C:\Program Files\Java\jdk1.8.0_161\jre\bin\verify.dll
0x00000000564a0000 - 0x00000000564c9000 	C:\Program Files\Java\jdk1.8.0_161\jre\bin\java.dll
0x0000000056410000 - 0x0000000056433000 	C:\Program Files\Java\jdk1.8.0_161\jre\bin\instrument.dll
0x0000000056480000 - 0x0000000056496000 	C:\Program Files\Java\jdk1.8.0_161\jre\bin\zip.dll

VM Arguments:
jvm_args: -ea -Didea.test.cyclic.buffer.size=1048576 -javaagent:C:\Users\Administrator\IntelliJ IDEA Community Edition 2021.3\lib\idea_rt.jar=63833:C:\Users\Administrator\IntelliJ IDEA Community Edition 2021.3\bin -Dfile.encoding=UTF-8 
java_command: com.intellij.rt.junit.JUnitStarter -ideVersion5 -junit5 sw.lc187.Test187,checkResult
java_class_path (initial): C:\Users\Administrator\.m2\repository\org\junit\platform\junit-platform-launcher\1.7.0\junit-platform-launcher-1.7.0.jar;C:\Users\Administrator\IntelliJ IDEA Community Edition 2021.3\lib\idea_rt.jar;C:\Users\Administrator\IntelliJ IDEA Community Edition 2021.3\plugins\junit\lib\junit5-rt.jar;C:\Users\Administrator\IntelliJ IDEA Community Edition 2021.3\plugins\junit\lib\junit-rt.jar;C:\Program Files\Java\jdk1.8.0_161\jre\lib\charsets.jar;C:\Program Files\Java\jdk1.8.0_161\jre\lib\deploy.jar;C:\Program Files\Java\jdk1.8.0_161\jre\lib\ext\access-bridge-64.jar;C:\Program Files\Java\jdk1.8.0_161\jre\lib\ext\cldrdata.jar;C:\Program Files\Java\jdk1.8.0_161\jre\lib\ext\dnsns.jar;C:\Program Files\Java\jdk1.8.0_161\jre\lib\ext\jaccess.jar;C:\Program Files\Java\jdk1.8.0_161\jre\lib\ext\jfxrt.jar;C:\Program Files\Java\jdk1.8.0_161\jre\lib\ext\localedata.jar;C:\Program Files\Java\jdk1.8.0_161\jre\lib\ext\nashorn.jar;C:\Program Files\Java\jdk1.8.0_161\jre\lib\ext\sunec.jar;C:\Program Files\Java\jdk1.8.0_161\jre\lib\ext\sunjce_provider.jar;C:\Program Files\Java\jdk1.8.0_161\jre\lib\ext\sunmscapi.jar;C:\Program Files\Java\jdk1.8.0_161\jre\lib\ext\sunpkcs11.jar;C:\Program Files\Java\jdk1.8.0_161\jre\lib\ext\zipfs.jar;C:\Program Files\Java\jdk1.8.0_161\jre\lib\javaws.jar;C:\Program Files\Java\jdk1.8.0_161\jre\lib\jce.jar;C:\Program Files\Java\jdk1.8.0_161\jre\lib\jfr.jar;C:\Program Files\Java\jdk1.8.0_161\jre\lib\jfxswt.jar;C:\Program Files\Java\jdk1.8.0_161\jre\lib\jsse.jar;C:\Program Files\Java\jdk1.8.0_161\jre\lib\management-agent.jar;C:\Program Files\Java\jdk1.8.0_161\jre\lib\plugin.jar;C:\Program Files\Java\jdk1.8.0_161\jre\lib\resources.jar;C:\Program Files\Java\jdk1.8.0_161\jre\lib\rt.jar;C:\Users\Administrator\Desktop\js\lab-notes-master\lab-notes-master\Leetcode\target\classes;C:\Users\Administrator\.m2\repository\org\junit\jupiter\junit-jupiter\5.7.0\junit-jupiter-5.7.0.jar;C:\Users\Administrator\.m2\repository\org\junit\jupiter\junit-jupiter-p
Launcher Type: SUN_STANDARD

Environment Variables:
PATH=C:\Program Files (x86)\Common Files\Oracle\Java\javapath;C:\windows\system32;C:\windows;C:\windows\System32\Wbem;C:\windows\System32\WindowsPowerShell\v1.0\;C:\windows\System32\OpenSSH\;D:\Git\cmd;D:\Program Files\Nox\bin;C:\Users\Administrator\AppData\Local\Programs\Python\Python38-32\Scripts;C:\Users\Administrator\AppData\Local\Programs\Python\Python38-32;;C:\Users\Administrator\Desktop\微信web开发者工具\dll;C:\Users\Administrator\AppData\Local\Programs\Python\Python38-32;C:\Users\Administrator\AppData\Local\Programs\Python\Python38-32\Scripts;C:\Users\Administrator\AppData\Local\Microsoft\WindowsApps;C:\Users\Administrator\AppData\Local\Programs\Fiddler;D:\fastboot;
USERNAME=Administrator
OS=Windows_NT
PROCESSOR_IDENTIFIER=Intel64 Family 6 Model 142 Stepping 12, GenuineIntel



---------------  S Y S T E M  ---------------

OS: Windows 10.0 , 64 bit Build 19041 (10.0.19041.207)

CPU:total 8 (initial active 8) (4 cores per cpu, 2 threads per core) family 6 model 142 stepping 12, cmov, cx8, fxsr, mmx, sse, sse2, sse3, ssse3, sse4.1, sse4.2, popcnt, avx, avx2, aes, clmul, erms, 3dnowpref, lzcnt, ht, tsc, tscinvbit, bmi1, bmi2, adx

Memory: 4k page, physical 16560992k(3810024k free), swap 23382988k(6048k free)

vm_info: Java HotSpot(TM) 64-Bit Server VM (25.161-b12) for windows-amd64 JRE (1.8.0_161-b12), built on Dec 19 2017 17:52:25 by "java_re" with MS VC++ 10.0 (VS2010)

time: Thu Oct 27 15:29:45 2022
elapsed time: 0 seconds (0d 0h 0m 0s)

